1682191087768	geckodriver	INFO	Listening on 127.0.0.1:51129
1682191087775	mozrunner::runner	INFO	Running command: MOZ_CRASHREPORTER="1" MOZ_CRASHREPORTER_NO_REPORT="1" MOZ_CRASHREPORTER_SHUTDOWN="1" MOZ_NO_REMOTE="1" "/usr ... ss" "--remote-debugging-port" "59543" "--remote-allow-hosts" "localhost" "-no-remote" "-profile" "/tmp/rust_mozprofile5BvkF8"
*** You are running in headless mode.
console.warn: services.settings: Ignoring preference override of remote settings server
console.warn: services.settings: Allow by setting MOZ_REMOTE_SETTINGS_DEVTOOLS=1 in the environment
1682191088216	Marionette	INFO	Marionette enabled
1682191088223	Marionette	INFO	Listening on port 33355
Read port: 33355
WebDriver BiDi listening on ws://127.0.0.1:59543
1682191088404	RemoteAgent	WARN	TLS certificate errors will be ignored for this session
[GFX1-]: RenderCompositorSWGL failed mapping default framebuffer, no dt
console.error: ({})
console.warn: SearchSettings: "get: No settings file exists, new profile?" (new NotFoundError("Could not open the file at /tmp/rust_mozprofile5BvkF8/search.json.mozlz4", (void 0)))
JavaScript error: resource://gre/modules/XULStore.jsm, line 58: Error: Can't find profile directory.
[ERROR glean_core] Error setting metrics feature config: Json(Error("EOF while parsing a value", line: 1, column: 0))
DevTools listening on ws://127.0.0.1:59543/devtools/browser/327af9f0-6d51-443e-a0df-6ef5afcfc5f6
libEGL warning: failed to open /dev/dri/renderD128: Permission denied

JavaScript warning: https://www.google.com/js/th/bPE89HDH-V4wnA2wrUoYzsMhnZJxcfZA3FCGYAqq1aQ.js line 2 > eval line 4573 > eval line 1 > eval line 1 > eval, line 1: WEBGL_debug_renderer_info is deprecated in Firefox and will be removed. Please use RENDERER.
[GFX1-]: Couldn't sanitize RENDERER device: D3D12
libEGL warning: failed to open /dev/dri/renderD128: Permission denied

JavaScript warning: https://www.google.com/js/th/8UE1alQR35UAvwuJtt-44LfpSpEBrl7CDo1Hk3uXWyY.js line 2 > eval line 2714 > eval line 1 > eval line 1 > eval, line 1: WEBGL_debug_renderer_info is deprecated in Firefox and will be removed. Please use RENDERER.
[GFX1-]: Couldn't sanitize RENDERER device: D3D12
ALSA lib seq_hw.c:466:(snd_seq_hw_open) open /dev/snd/seq failed: No such file or directory
1682191121488	Marionette	INFO	Stopped listening on port 33355
JavaScript error: https://abs.twimg.com/responsive-web/client-web/vendor.5d93fbea.js, line 74: TypeError: can't access dead object
WARNING: A blocker encountered an error while we were waiting.
          Blocker:  Waiting for ping task
          Phase: TelemetryController: Waiting for pending ping activity
          State: (none)
WARNING: Error: Phase "profile-before-change" is finished, it is too late to register completion condition "OS.File: flush I/O queued before profileBeforeChange"
WARNING: addBlocker@resource://gre/modules/AsyncShutdown.sys.mjs:727:15
addBlocker@resource://gre/modules/AsyncShutdown.sys.mjs:523:26
addBlocker@resource://gre/modules/AsyncShutdown.sys.mjs:458:15
setupShutdown@resource://gre/modules/osfile/osfile_async_front.jsm:1548:28
@resource://gre/modules/osfile/osfile_async_front.jsm:1568:16
@resource://gre/modules/osfile.jsm:12:30
@resource://gre/modules/TelemetryStorage.sys.mjs:10:28
_checkPendingPings@resource://gre/modules/TelemetrySend.sys.mjs:863:17
setup@resource://gre/modules/TelemetrySend.sys.mjs:803:18
setup@resource://gre/modules/TelemetrySend.sys.mjs:241:30
setupTelemetry/this._delayedInitTask<@resource://gre/modules/TelemetryControllerParent.sys.mjs:824:36
observe@resource://gre/modules/AsyncShutdown.sys.mjs:576:16

console.error: "TelemetryScheduler.shutdown - Already shut down"
WARNING: A blocker encountered an error while we were waiting.
          Blocker:  Waiting for ping task
          Phase: TelemetryController: Waiting for pending ping activity
          State: (none)
WARNING: Error: Phase "profile-before-change" is finished, it is too late to register completion condition "OS.File: flush I/O queued before profileBeforeChange"
WARNING: addBlocker@resource://gre/modules/AsyncShutdown.sys.mjs:727:15
addBlocker@resource://gre/modules/AsyncShutdown.sys.mjs:523:26
addBlocker@resource://gre/modules/AsyncShutdown.sys.mjs:458:15
setupShutdown@resource://gre/modules/osfile/osfile_async_front.jsm:1548:28
@resource://gre/modules/osfile/osfile_async_front.jsm:1568:16
@resource://gre/modules/osfile.jsm:12:30
@resource://gre/modules/TelemetryStorage.sys.mjs:10:28
_checkPendingPings@resource://gre/modules/TelemetrySend.sys.mjs:863:17
setup@resource://gre/modules/TelemetrySend.sys.mjs:803:18
setup@resource://gre/modules/TelemetrySend.sys.mjs:241:30
setupTelemetry/this._delayedInitTask<@resource://gre/modules/TelemetryControllerParent.sys.mjs:824:36
observe@resource://gre/modules/AsyncShutdown.sys.mjs:576:16

WARNING: A blocker encountered an error while we were waiting.
          Blocker:  Waiting for ping task
          Phase: TelemetryController: Waiting for pending ping activity
          State: (none)
WARNING: Error: Phase "profile-before-change" is finished, it is too late to register completion condition "OS.File: flush I/O queued before profileBeforeChange"
WARNING: addBlocker@resource://gre/modules/AsyncShutdown.sys.mjs:727:15
addBlocker@resource://gre/modules/AsyncShutdown.sys.mjs:523:26
addBlocker@resource://gre/modules/AsyncShutdown.sys.mjs:458:15
setupShutdown@resource://gre/modules/osfile/osfile_async_front.jsm:1548:28
@resource://gre/modules/osfile/osfile_async_front.jsm:1568:16
@resource://gre/modules/osfile.jsm:12:30
@resource://gre/modules/TelemetryStorage.sys.mjs:10:28
_checkPendingPings@resource://gre/modules/TelemetrySend.sys.mjs:863:17
setup@resource://gre/modules/TelemetrySend.sys.mjs:803:18
setup@resource://gre/modules/TelemetrySend.sys.mjs:241:30
setupTelemetry/this._delayedInitTask<@resource://gre/modules/TelemetryControllerParent.sys.mjs:824:36
observe@resource://gre/modules/AsyncShutdown.sys.mjs:576:16

WARNING: A blocker encountered an error while we were waiting.
          Blocker:  TelemetryController: shutting down
          Phase: profile-before-change-telemetry
          State: Error getting state: Error: Phase "profile-before-change" is finished, it is too late to register completion condition "OS.File: flush I/O queued before profileBeforeChange" at addBlocker@resource://gre/modules/AsyncShutdown.sys.mjs:727:15
addBlocker@resource://gre/modules/AsyncShutdown.sys.mjs:523:26
addBlocker@resource://gre/modules/AsyncShutdown.sys.mjs:458:15
setupShutdown@resource://gre/modules/osfile/osfile_async_front.jsm:1548:28
@resource://gre/modules/osfile/osfile_async_front.jsm:1568:16
@resource://gre/modules/osfile.jsm:12:30
@resource://gre/modules/TelemetryStorage.sys.mjs:10:28
_checkPendingPings@resource://gre/modules/TelemetrySend.sys.mjs:863:17
setup@resource://gre/modules/TelemetrySend.sys.mjs:803:18
setup@resource://gre/modules/TelemetrySend.sys.mjs:241:30
setupTelemetry/this._delayedInitTask<@resource://gre/modules/TelemetryControllerParent.sys.mjs:824:36
observe@resource://gre/modules/AsyncShutdown.sys.mjs:576:16

WARNING: Error: Phase "profile-before-change" is finished, it is too late to register completion condition "OS.File: flush I/O queued before profileBeforeChange"
WARNING: addBlocker@resource://gre/modules/AsyncShutdown.sys.mjs:727:15
addBlocker@resource://gre/modules/AsyncShutdown.sys.mjs:523:26
addBlocker@resource://gre/modules/AsyncShutdown.sys.mjs:458:15
setupShutdown@resource://gre/modules/osfile/osfile_async_front.jsm:1548:28
@resource://gre/modules/osfile/osfile_async_front.jsm:1568:16
@resource://gre/modules/osfile.jsm:12:30
@resource://gre/modules/TelemetryStorage.sys.mjs:10:28
_checkPendingPings@resource://gre/modules/TelemetrySend.sys.mjs:863:17
setup@resource://gre/modules/TelemetrySend.sys.mjs:803:18
setup@resource://gre/modules/TelemetrySend.sys.mjs:241:30
setupTelemetry/this._delayedInitTask<@resource://gre/modules/TelemetryControllerParent.sys.mjs:824:36
observe@resource://gre/modules/AsyncShutdown.sys.mjs:576:16

JavaScript error: resource://gre/modules/AsyncShutdown.sys.mjs, line 727: Error: Phase "profile-before-change" is finished, it is too late to register completion condition "OS.File: flush I/O queued before profileBeforeChange"
JavaScript error: resource://gre/modules/AsyncShutdown.sys.mjs, line 727: Error: Phase "profile-before-change" is finished, it is too late to register completion condition "OS.File: flush I/O queued before profileBeforeChange"
JavaScript error: resource://gre/modules/AsyncShutdown.sys.mjs, line 727: Error: Phase "profile-before-change" is finished, it is too late to register completion condition "OS.File: flush I/O queued before profileBeforeChange"
JavaScript error: resource://gre/modules/AsyncShutdown.sys.mjs, line 727: Error: Phase "profile-before-change" is finished, it is too late to register completion condition "OS.File: flush I/O queued before profileBeforeChange"
JavaScript error: resource://gre/modules/AsyncShutdown.sys.mjs, line 727: Error: Phase "profile-before-change" is finished, it is too late to register completion condition "OS.File: flush I/O queued before profileBeforeChange"
JavaScript error: resource://gre/modules/AsyncShutdown.sys.mjs, line 727: Error: Phase "profile-before-change" is finished, it is too late to register completion condition "OS.File: flush I/O queued before profileBeforeChange"
1682191125770	geckodriver	INFO	Listening on 127.0.0.1:45713
1682191125777	mozrunner::runner	INFO	Running command: MOZ_CRASHREPORTER="1" MOZ_CRASHREPORTER_NO_REPORT="1" MOZ_CRASHREPORTER_SHUTDOWN="1" MOZ_NO_REMOTE="1" "/usr ... ss" "--remote-debugging-port" "52683" "--remote-allow-hosts" "localhost" "-no-remote" "-profile" "/tmp/rust_mozprofilenML6iD"
*** You are running in headless mode.
console.warn: services.settings: Ignoring preference override of remote settings server
console.warn: services.settings: Allow by setting MOZ_REMOTE_SETTINGS_DEVTOOLS=1 in the environment
1682191126258	Marionette	INFO	Marionette enabled
1682191126264	Marionette	INFO	Listening on port 41601
Read port: 41601
WebDriver BiDi listening on ws://127.0.0.1:52683
1682191126462	RemoteAgent	WARN	TLS certificate errors will be ignored for this session
[GFX1-]: RenderCompositorSWGL failed mapping default framebuffer, no dt
console.error: ({})
console.warn: SearchSettings: "get: No settings file exists, new profile?" (new NotFoundError("Could not open the file at /tmp/rust_mozprofilenML6iD/search.json.mozlz4", (void 0)))
JavaScript error: resource://gre/modules/XULStore.jsm, line 58: Error: Can't find profile directory.
[ERROR glean_core] Error setting metrics feature config: Json(Error("EOF while parsing a value", line: 1, column: 0))
DevTools listening on ws://127.0.0.1:52683/devtools/browser/05971886-de29-4b2b-ad0f-c4d91020cbe2
1682191129005	Marionette	INFO	Stopped listening on port 41601
console.error: services.settings: 
  main/quicksuggest Signature failed  TypeError: NetworkError: Network request failed
console.error: (new NetworkError("Network error: TypeError: NetworkError: Network request failed", "resource://services-settings/RemoteSettingsClient.sys.mjs", 111))
console.error: (new NetworkError("Network error: TypeError: NetworkError: Network request failed", "resource://services-settings/RemoteSettingsClient.sys.mjs", 111))
console.error: (new NetworkError("Network error: TypeError: NetworkError: Network request failed", "resource://services-settings/RemoteSettingsClient.sys.mjs", 111))
WARNING: A blocker encountered an error while we were waiting.
          Blocker:  Waiting for ping task
          Phase: TelemetryController: Waiting for pending ping activity
          State: (none)
WARNING: Error: Phase "profile-before-change" is finished, it is too late to register completion condition "OS.File: flush I/O queued before profileBeforeChange"
WARNING: addBlocker@resource://gre/modules/AsyncShutdown.sys.mjs:727:15
addBlocker@resource://gre/modules/AsyncShutdown.sys.mjs:523:26
addBlocker@resource://gre/modules/AsyncShutdown.sys.mjs:458:15
setupShutdown@resource://gre/modules/osfile/osfile_async_front.jsm:1548:28
@resource://gre/modules/osfile/osfile_async_front.jsm:1568:16
@resource://gre/modules/osfile.jsm:12:30
@resource://gre/modules/TelemetryStorage.sys.mjs:10:28
_checkPendingPings@resource://gre/modules/TelemetrySend.sys.mjs:863:17
setup@resource://gre/modules/TelemetrySend.sys.mjs:803:18
setup@resource://gre/modules/TelemetrySend.sys.mjs:241:30
setupTelemetry/this._delayedInitTask<@resource://gre/modules/TelemetryControllerParent.sys.mjs:824:36
observe@resource://gre/modules/AsyncShutdown.sys.mjs:576:16

console.error: "TelemetryScheduler.shutdown - Already shut down"
WARNING: A blocker encountered an error while we were waiting.
          Blocker:  Waiting for ping task
          Phase: TelemetryController: Waiting for pending ping activity
          State: (none)
WARNING: Error: Phase "profile-before-change" is finished, it is too late to register completion condition "OS.File: flush I/O queued before profileBeforeChange"
WARNING: addBlocker@resource://gre/modules/AsyncShutdown.sys.mjs:727:15
addBlocker@resource://gre/modules/AsyncShutdown.sys.mjs:523:26
addBlocker@resource://gre/modules/AsyncShutdown.sys.mjs:458:15
setupShutdown@resource://gre/modules/osfile/osfile_async_front.jsm:1548:28
@resource://gre/modules/osfile/osfile_async_front.jsm:1568:16
@resource://gre/modules/osfile.jsm:12:30
@resource://gre/modules/TelemetryStorage.sys.mjs:10:28
_checkPendingPings@resource://gre/modules/TelemetrySend.sys.mjs:863:17
setup@resource://gre/modules/TelemetrySend.sys.mjs:803:18
setup@resource://gre/modules/TelemetrySend.sys.mjs:241:30
setupTelemetry/this._delayedInitTask<@resource://gre/modules/TelemetryControllerParent.sys.mjs:824:36
observe@resource://gre/modules/AsyncShutdown.sys.mjs:576:16

WARNING: A blocker encountered an error while we were waiting.
          Blocker:  Waiting for ping task
          Phase: TelemetryController: Waiting for pending ping activity
          State: (none)
WARNING: Error: Phase "profile-before-change" is finished, it is too late to register completion condition "OS.File: flush I/O queued before profileBeforeChange"
WARNING: addBlocker@resource://gre/modules/AsyncShutdown.sys.mjs:727:15
addBlocker@resource://gre/modules/AsyncShutdown.sys.mjs:523:26
addBlocker@resource://gre/modules/AsyncShutdown.sys.mjs:458:15
setupShutdown@resource://gre/modules/osfile/osfile_async_front.jsm:1548:28
@resource://gre/modules/osfile/osfile_async_front.jsm:1568:16
@resource://gre/modules/osfile.jsm:12:30
@resource://gre/modules/TelemetryStorage.sys.mjs:10:28
_checkPendingPings@resource://gre/modules/TelemetrySend.sys.mjs:863:17
setup@resource://gre/modules/TelemetrySend.sys.mjs:803:18
setup@resource://gre/modules/TelemetrySend.sys.mjs:241:30
setupTelemetry/this._delayedInitTask<@resource://gre/modules/TelemetryControllerParent.sys.mjs:824:36
observe@resource://gre/modules/AsyncShutdown.sys.mjs:576:16

WARNING: A blocker encountered an error while we were waiting.
          Blocker:  TelemetryController: shutting down
          Phase: profile-before-change-telemetry
          State: Error getting state: Error: Phase "profile-before-change" is finished, it is too late to register completion condition "OS.File: flush I/O queued before profileBeforeChange" at addBlocker@resource://gre/modules/AsyncShutdown.sys.mjs:727:15
addBlocker@resource://gre/modules/AsyncShutdown.sys.mjs:523:26
addBlocker@resource://gre/modules/AsyncShutdown.sys.mjs:458:15
setupShutdown@resource://gre/modules/osfile/osfile_async_front.jsm:1548:28
@resource://gre/modules/osfile/osfile_async_front.jsm:1568:16
@resource://gre/modules/osfile.jsm:12:30
@resource://gre/modules/TelemetryStorage.sys.mjs:10:28
_checkPendingPings@resource://gre/modules/TelemetrySend.sys.mjs:863:17
setup@resource://gre/modules/TelemetrySend.sys.mjs:803:18
setup@resource://gre/modules/TelemetrySend.sys.mjs:241:30
setupTelemetry/this._delayedInitTask<@resource://gre/modules/TelemetryControllerParent.sys.mjs:824:36
observe@resource://gre/modules/AsyncShutdown.sys.mjs:576:16

WARNING: Error: Phase "profile-before-change" is finished, it is too late to register completion condition "OS.File: flush I/O queued before profileBeforeChange"
WARNING: addBlocker@resource://gre/modules/AsyncShutdown.sys.mjs:727:15
addBlocker@resource://gre/modules/AsyncShutdown.sys.mjs:523:26
addBlocker@resource://gre/modules/AsyncShutdown.sys.mjs:458:15
setupShutdown@resource://gre/modules/osfile/osfile_async_front.jsm:1548:28
@resource://gre/modules/osfile/osfile_async_front.jsm:1568:16
@resource://gre/modules/osfile.jsm:12:30
@resource://gre/modules/TelemetryStorage.sys.mjs:10:28
_checkPendingPings@resource://gre/modules/TelemetrySend.sys.mjs:863:17
setup@resource://gre/modules/TelemetrySend.sys.mjs:803:18
setup@resource://gre/modules/TelemetrySend.sys.mjs:241:30
setupTelemetry/this._delayedInitTask<@resource://gre/modules/TelemetryControllerParent.sys.mjs:824:36
observe@resource://gre/modules/AsyncShutdown.sys.mjs:576:16

JavaScript error: resource://gre/modules/AsyncShutdown.sys.mjs, line 727: Error: Phase "profile-before-change" is finished, it is too late to register completion condition "OS.File: flush I/O queued before profileBeforeChange"
JavaScript error: resource://gre/modules/AsyncShutdown.sys.mjs, line 727: Error: Phase "profile-before-change" is finished, it is too late to register completion condition "OS.File: flush I/O queued before profileBeforeChange"
JavaScript error: resource://gre/modules/AsyncShutdown.sys.mjs, line 727: Error: Phase "profile-before-change" is finished, it is too late to register completion condition "OS.File: flush I/O queued before profileBeforeChange"
JavaScript error: resource://gre/modules/AsyncShutdown.sys.mjs, line 727: Error: Phase "profile-before-change" is finished, it is too late to register completion condition "OS.File: flush I/O queued before profileBeforeChange"
JavaScript error: resource://gre/modules/AsyncShutdown.sys.mjs, line 727: Error: Phase "profile-before-change" is finished, it is too late to register completion condition "OS.File: flush I/O queued before profileBeforeChange"
JavaScript error: resource://gre/modules/AsyncShutdown.sys.mjs, line 727: Error: Phase "profile-before-change" is finished, it is too late to register completion condition "OS.File: flush I/O queued before profileBeforeChange"
1682191137486	geckodriver	INFO	Listening on 127.0.0.1:46041
1682191137500	mozrunner::runner	INFO	Running command: MOZ_CRASHREPORTER="1" MOZ_CRASHREPORTER_NO_REPORT="1" MOZ_CRASHREPORTER_SHUTDOWN="1" MOZ_NO_REMOTE="1" "/usr ... ss" "--remote-debugging-port" "49003" "--remote-allow-hosts" "localhost" "-no-remote" "-profile" "/tmp/rust_mozprofilebPVZww"
*** You are running in headless mode.
console.warn: services.settings: Ignoring preference override of remote settings server
console.warn: services.settings: Allow by setting MOZ_REMOTE_SETTINGS_DEVTOOLS=1 in the environment
1682191138100	Marionette	INFO	Marionette enabled
1682191138105	Marionette	INFO	Listening on port 34001
Read port: 34001
WebDriver BiDi listening on ws://127.0.0.1:49003
1682191138281	RemoteAgent	WARN	TLS certificate errors will be ignored for this session
[GFX1-]: RenderCompositorSWGL failed mapping default framebuffer, no dt
console.error: ({})
console.warn: SearchSettings: "get: No settings file exists, new profile?" (new NotFoundError("Could not open the file at /tmp/rust_mozprofilebPVZww/search.json.mozlz4", (void 0)))
JavaScript error: resource://gre/modules/XULStore.jsm, line 58: Error: Can't find profile directory.
[ERROR glean_core] Error setting metrics feature config: Json(Error("EOF while parsing a value", line: 1, column: 0))
DevTools listening on ws://127.0.0.1:49003/devtools/browser/34e2c8ea-2079-4f11-b5f4-a7bcef4fde85
libEGL warning: failed to open /dev/dri/renderD128: Permission denied

JavaScript warning: https://static.xx.fbcdn.net/rsrc.php/v3iqES4/yu/l/en_US/-Bu40sFsRhI.js?_nc_x=Ij3Wp8lg5Kz, line 20: WEBGL_debug_renderer_info is deprecated in Firefox and will be removed. Please use RENDERER.
[GFX1-]: Couldn't sanitize RENDERER device: D3D12
JavaScript warning: https://static.xx.fbcdn.net/rsrc.php/v3iqES4/yu/l/en_US/-Bu40sFsRhI.js?_nc_x=Ij3Wp8lg5Kz, line 20: WEBGL_debug_renderer_info is deprecated in Firefox and will be removed. Please use RENDERER.
[GFX1-]: Couldn't sanitize RENDERER device: D3D12
JavaScript warning: https://static.xx.fbcdn.net/rsrc.php/v3iqES4/yu/l/en_US/-Bu40sFsRhI.js?_nc_x=Ij3Wp8lg5Kz, line 20: WEBGL_debug_renderer_info is deprecated in Firefox and will be removed. Please use RENDERER.
[GFX1-]: Couldn't sanitize RENDERER device: D3D12
JavaScript warning: https://static.xx.fbcdn.net/rsrc.php/v3iqES4/yu/l/en_US/-Bu40sFsRhI.js?_nc_x=Ij3Wp8lg5Kz, line 20: WEBGL_debug_renderer_info is deprecated in Firefox and will be removed. Please use RENDERER.
[GFX1-]: Couldn't sanitize RENDERER device: D3D12
JavaScript warning: https://static.xx.fbcdn.net/rsrc.php/v3iqES4/yu/l/en_US/-Bu40sFsRhI.js?_nc_x=Ij3Wp8lg5Kz, line 20: WEBGL_debug_renderer_info is deprecated in Firefox and will be removed. Please use RENDERER.
[GFX1-]: Couldn't sanitize RENDERER device: D3D12
JavaScript warning: https://static.xx.fbcdn.net/rsrc.php/v3iqES4/yu/l/en_US/-Bu40sFsRhI.js?_nc_x=Ij3Wp8lg5Kz, line 20: WEBGL_debug_renderer_info is deprecated in Firefox and will be removed. Please use RENDERER.
[GFX1-]: Couldn't sanitize RENDERER device: D3D12
JavaScript warning: https://static.xx.fbcdn.net/rsrc.php/v3iqES4/yu/l/en_US/-Bu40sFsRhI.js?_nc_x=Ij3Wp8lg5Kz, line 20: WEBGL_debug_renderer_info is deprecated in Firefox and will be removed. Please use RENDERER.
[GFX1-]: Couldn't sanitize RENDERER device: D3D12
JavaScript warning: https://static.xx.fbcdn.net/rsrc.php/v3iqES4/yu/l/en_US/-Bu40sFsRhI.js?_nc_x=Ij3Wp8lg5Kz, line 20: WEBGL_debug_renderer_info is deprecated in Firefox and will be removed. Please use RENDERER.
[GFX1-]: Couldn't sanitize RENDERER device: D3D12
JavaScript warning: https://static.xx.fbcdn.net/rsrc.php/v3iqES4/yu/l/en_US/-Bu40sFsRhI.js?_nc_x=Ij3Wp8lg5Kz, line 20: WEBGL_debug_renderer_info is deprecated in Firefox and will be removed. Please use RENDERER.
[GFX1-]: Couldn't sanitize RENDERER device: D3D12
console.warn: LoginRecipes: "Falling back to a synchronous message for: https://www.facebook.com."
console.warn: LoginRecipes: "Falling back to a synchronous message for: https://www.facebook.com."
console.warn: LoginRecipes: "Falling back to a synchronous message for: https://www.facebook.com."
JavaScript warning: https://static.xx.fbcdn.net/rsrc.php/v3i-PI4/ye/l/en_US/Kg7YVVLfOlM.js?_nc_x=Ij3Wp8lg5Kz, line 42: WEBGL_debug_renderer_info is deprecated in Firefox and will be removed. Please use RENDERER.
[GFX1-]: Couldn't sanitize RENDERER device: D3D12
JavaScript error: resource://gre/actors/ContentMetaChild.jsm, line 183: InvalidStateError: JSWindowActorChild.sendAsyncMessage: JSWindowActorChild cannot send at the moment
JavaScript warning: https://static.xx.fbcdn.net/rsrc.php/v3iqES4/yu/l/en_US/-Bu40sFsRhI.js?_nc_x=Ij3Wp8lg5Kz, line 20: WEBGL_debug_renderer_info is deprecated in Firefox and will be removed. Please use RENDERER.
[GFX1-]: Couldn't sanitize RENDERER device: D3D12
JavaScript warning: https://static.xx.fbcdn.net/rsrc.php/v3iqES4/yu/l/en_US/-Bu40sFsRhI.js?_nc_x=Ij3Wp8lg5Kz, line 20: WEBGL_debug_renderer_info is deprecated in Firefox and will be removed. Please use RENDERER.
[GFX1-]: Couldn't sanitize RENDERER device: D3D12
console.warn: LoginRecipes: "Falling back to a synchronous message for: https://www.facebook.com."
console.warn: LoginRecipes: "Falling back to a synchronous message for: https://www.facebook.com."
console.warn: LoginRecipes: "Falling back to a synchronous message for: https://www.facebook.com."
JavaScript warning: https://static.xx.fbcdn.net/rsrc.php/v3iqES4/yu/l/en_US/-Bu40sFsRhI.js?_nc_x=Ij3Wp8lg5Kz, line 20: WEBGL_debug_renderer_info is deprecated in Firefox and will be removed. Please use RENDERER.
[GFX1-]: Couldn't sanitize RENDERER device: D3D12
JavaScript warning: https://static.xx.fbcdn.net/rsrc.php/v3iqES4/yu/l/en_US/-Bu40sFsRhI.js?_nc_x=Ij3Wp8lg5Kz, line 20: WEBGL_debug_renderer_info is deprecated in Firefox and will be removed. Please use RENDERER.
[GFX1-]: Couldn't sanitize RENDERER device: D3D12
JavaScript warning: https://static.xx.fbcdn.net/rsrc.php/v3iqES4/yu/l/en_US/-Bu40sFsRhI.js?_nc_x=Ij3Wp8lg5Kz, line 20: WEBGL_debug_renderer_info is deprecated in Firefox and will be removed. Please use RENDERER.
[GFX1-]: Couldn't sanitize RENDERER device: D3D12
JavaScript warning: https://static.xx.fbcdn.net/rsrc.php/v3iqES4/yu/l/en_US/-Bu40sFsRhI.js?_nc_x=Ij3Wp8lg5Kz, line 20: WEBGL_debug_renderer_info is deprecated in Firefox and will be removed. Please use RENDERER.
[GFX1-]: Couldn't sanitize RENDERER device: D3D12
console.warn: LoginRecipes: "Falling back to a synchronous message for: https://www.facebook.com."
console.warn: LoginRecipes: "Falling back to a synchronous message for: https://www.facebook.com."
console.warn: LoginRecipes: "Falling back to a synchronous message for: https://www.facebook.com."
JavaScript warning: https://static.xx.fbcdn.net/rsrc.php/v3idAQ4/y-/l/en_US/dkc_MLbH5ULGyZvE6FTiyXaoShG8DmWHgQZEeFS_hBfAJKYNNSeWm30.js?_nc_x=Ij3Wp8lg5Kz, line 560: unreachable code after return statement
ALSA lib seq_hw.c:466:(snd_seq_hw_open) open /dev/snd/seq failed: No such file or directory
JavaScript warning: https://static.xx.fbcdn.net/rsrc.php/v3idAQ4/y-/l/en_US/dkc_MLbH5ULGyZvE6FTiyXaoShG8DmWHgQZEeFS_hBfAJKYNNSeWm30.js?_nc_x=Ij3Wp8lg5Kz, line 560: unreachable code after return statement
JavaScript warning: https://static.xx.fbcdn.net/rsrc.php/v3i-PI4/ye/l/en_US/Kg7YVVLfOlM.js?_nc_x=Ij3Wp8lg5Kz, line 42: WEBGL_debug_renderer_info is deprecated in Firefox and will be removed. Please use RENDERER.
[GFX1-]: Couldn't sanitize RENDERER device: D3D12
JavaScript warning: https://static.xx.fbcdn.net/rsrc.php/v3iPdc4/yK/l/en_US/dkc_MLbH5ULGyZvE6FTiyXaoShG8DmWHgQZEeFS_hBfAJKYNNSeWm30ekw4oZxBERDC1w9LkbV_xzMz4LFoBfCjDV9TtGkcT53m.js?_nc_x=Ij3Wp8lg5Kz, line 560: unreachable code after return statement
JavaScript warning: https://static.xx.fbcdn.net/rsrc.php/v3i-PI4/ye/l/en_US/Kg7YVVLfOlM.js?_nc_x=Ij3Wp8lg5Kz, line 42: WEBGL_debug_renderer_info is deprecated in Firefox and will be removed. Please use RENDERER.
[GFX1-]: Couldn't sanitize RENDERER device: D3D12
JavaScript warning: https://static.xx.fbcdn.net/rsrc.php/v3iRJp4/yL/l/en_US/dkc_MLbH5ULGyZvE6FTiyXaoShG8DmWHgQZEeFS_hBfAJKYNNSeWm30ekw4oZxBERDC1w9LkbV_xz.js?_nc_x=Ij3Wp8lg5Kz, line 560: unreachable code after return statement
JavaScript warning: https://static.xx.fbcdn.net/rsrc.php/v3i-PI4/ye/l/en_US/Kg7YVVLfOlM.js?_nc_x=Ij3Wp8lg5Kz, line 42: WEBGL_debug_renderer_info is deprecated in Firefox and will be removed. Please use RENDERER.
[GFX1-]: Couldn't sanitize RENDERER device: D3D12
JavaScript warning: https://static.xx.fbcdn.net/rsrc.php/v3imAe4/yu/l/en_US/dkc_MLbH5ULGyZvE6FTiyXaoShG8DmWHgQZEeFS_hBfAJKYNNSeWm30ekw4oZxBERDC1w9LkbV_xzMz4LFoBfCjDV9TtGkcT53mhNovcSKJnHWXm56xSm4S1jPA3wPJt2lPHr-uSUSN_fco.js?_nc_x=Ij3Wp8lg5Kz, line 560: unreachable code after return statement
JavaScript warning: https://static.xx.fbcdn.net/rsrc.php/v3i-PI4/ye/l/en_US/Kg7YVVLfOlM.js?_nc_x=Ij3Wp8lg5Kz, line 42: WEBGL_debug_renderer_info is deprecated in Firefox and will be removed. Please use RENDERER.
[GFX1-]: Couldn't sanitize RENDERER device: D3D12
JavaScript warning: https://static.xx.fbcdn.net/rsrc.php/v3imAe4/yu/l/en_US/dkc_MLbH5ULGyZvE6FTiyXaoShG8DmWHgQZEeFS_hBfAJKYNNSeWm30ekw4oZxBERDC1w9LkbV_xzMz4LFoBfCjDV9TtGkcT53mhNovcSKJnHWXm56xSm4S1jPA3wPJt2lPHr-uSUSN_fco.js?_nc_x=Ij3Wp8lg5Kz, line 560: unreachable code after return statement
JavaScript warning: https://static.xx.fbcdn.net/rsrc.php/v3i-PI4/ye/l/en_US/Kg7YVVLfOlM.js?_nc_x=Ij3Wp8lg5Kz, line 42: WEBGL_debug_renderer_info is deprecated in Firefox and will be removed. Please use RENDERER.
[GFX1-]: Couldn't sanitize RENDERER device: D3D12
JavaScript warning: https://static.xx.fbcdn.net/rsrc.php/v3imAe4/yu/l/en_US/dkc_MLbH5ULGyZvE6FTiyXaoShG8DmWHgQZEeFS_hBfAJKYNNSeWm30ekw4oZxBERDC1w9LkbV_xzMz4LFoBfCjDV9TtGkcT53mhNovcSKJnHWXm56xSm4S1jPA3wPJt2lPHr-uSUSN_fco.js?_nc_x=Ij3Wp8lg5Kz, line 560: unreachable code after return statement
JavaScript warning: https://static.xx.fbcdn.net/rsrc.php/v3i-PI4/ye/l/en_US/Kg7YVVLfOlM.js?_nc_x=Ij3Wp8lg5Kz, line 42: WEBGL_debug_renderer_info is deprecated in Firefox and will be removed. Please use RENDERER.
[GFX1-]: Couldn't sanitize RENDERER device: D3D12
JavaScript warning: https://static.xx.fbcdn.net/rsrc.php/v3imAe4/yu/l/en_US/dkc_MLbH5ULGyZvE6FTiyXaoShG8DmWHgQZEeFS_hBfAJKYNNSeWm30ekw4oZxBERDC1w9LkbV_xzMz4LFoBfCjDV9TtGkcT53mhNovcSKJnHWXm56xSm4S1jPA3wPJt2lPHr-uSUSN_fco.js?_nc_x=Ij3Wp8lg5Kz, line 560: unreachable code after return statement
JavaScript warning: https://static.xx.fbcdn.net/rsrc.php/v3i-PI4/ye/l/en_US/Kg7YVVLfOlM.js?_nc_x=Ij3Wp8lg5Kz, line 42: WEBGL_debug_renderer_info is deprecated in Firefox and will be removed. Please use RENDERER.
[GFX1-]: Couldn't sanitize RENDERER device: D3D12
libEGL warning: failed to open /dev/dri/renderD128: Permission denied

JavaScript warning: https://static.xx.fbcdn.net/rsrc.php/v3iqES4/yu/l/en_US/-Bu40sFsRhI.js?_nc_x=Ij3Wp8lg5Kz, line 20: WEBGL_debug_renderer_info is deprecated in Firefox and will be removed. Please use RENDERER.
[GFX1-]: Couldn't sanitize RENDERER device: D3D12
JavaScript warning: https://static.xx.fbcdn.net/rsrc.php/v3iqES4/yu/l/en_US/-Bu40sFsRhI.js?_nc_x=Ij3Wp8lg5Kz, line 20: WEBGL_debug_renderer_info is deprecated in Firefox and will be removed. Please use RENDERER.
[GFX1-]: Couldn't sanitize RENDERER device: D3D12
console.warn: LoginRecipes: "Falling back to a synchronous message for: https://www.facebook.com."
console.warn: LoginRecipes: "Falling back to a synchronous message for: https://www.facebook.com."
console.warn: LoginRecipes: "Falling back to a synchronous message for: https://www.facebook.com."
JavaScript warning: https://static.xx.fbcdn.net/rsrc.php/v3idAQ4/y-/l/en_US/dkc_MLbH5ULGyZvE6FTiyXaoShG8DmWHgQZEeFS_hBfAJKYNNSeWm30.js?_nc_x=Ij3Wp8lg5Kz, line 560: unreachable code after return statement
JavaScript warning: https://static.xx.fbcdn.net/rsrc.php/v3i-PI4/ye/l/en_US/Kg7YVVLfOlM.js?_nc_x=Ij3Wp8lg5Kz, line 42: WEBGL_debug_renderer_info is deprecated in Firefox and will be removed. Please use RENDERER.
[GFX1-]: Couldn't sanitize RENDERER device: D3D12
JavaScript error: resource://gre/actors/ContentMetaChild.jsm, line 183: InvalidStateError: JSWindowActorChild.sendAsyncMessage: JSWindowActorChild cannot send at the moment
1682191247674	Marionette	INFO	Stopped listening on port 34001
1682191525628	geckodriver	INFO	Listening on 127.0.0.1:36919
1682191525636	mozrunner::runner	INFO	Running command: MOZ_CRASHREPORTER="1" MOZ_CRASHREPORTER_NO_REPORT="1" MOZ_CRASHREPORTER_SHUTDOWN="1" MOZ_NO_REMOTE="1" "/usr ... ss" "--remote-debugging-port" "58307" "--remote-allow-hosts" "localhost" "-no-remote" "-profile" "/tmp/rust_mozprofileUDwKy8"
*** You are running in headless mode.
console.warn: services.settings: Ignoring preference override of remote settings server
console.warn: services.settings: Allow by setting MOZ_REMOTE_SETTINGS_DEVTOOLS=1 in the environment
1682191526075	Marionette	INFO	Marionette enabled
1682191526088	Marionette	INFO	Listening on port 41375
Read port: 41375
WebDriver BiDi listening on ws://127.0.0.1:58307
1682191526265	RemoteAgent	WARN	TLS certificate errors will be ignored for this session
[GFX1-]: RenderCompositorSWGL failed mapping default framebuffer, no dt
console.error: ({})
console.warn: SearchSettings: "get: No settings file exists, new profile?" (new NotFoundError("Could not open the file at /tmp/rust_mozprofileUDwKy8/search.json.mozlz4", (void 0)))
JavaScript error: resource://gre/modules/XULStore.jsm, line 58: Error: Can't find profile directory.
[ERROR glean_core] Error setting metrics feature config: Json(Error("EOF while parsing a value", line: 1, column: 0))
DevTools listening on ws://127.0.0.1:58307/devtools/browser/977fddcf-0eba-4154-a032-19d062349217
libEGL warning: failed to open /dev/dri/renderD128: Permission denied

JavaScript warning: https://static.xx.fbcdn.net/rsrc.php/v3iqES4/yu/l/en_US/-Bu40sFsRhI.js?_nc_x=Ij3Wp8lg5Kz, line 20: WEBGL_debug_renderer_info is deprecated in Firefox and will be removed. Please use RENDERER.
[GFX1-]: Couldn't sanitize RENDERER device: D3D12
JavaScript warning: https://static.xx.fbcdn.net/rsrc.php/v3iqES4/yu/l/en_US/-Bu40sFsRhI.js?_nc_x=Ij3Wp8lg5Kz, line 20: WEBGL_debug_renderer_info is deprecated in Firefox and will be removed. Please use RENDERER.
[GFX1-]: Couldn't sanitize RENDERER device: D3D12
JavaScript warning: https://static.xx.fbcdn.net/rsrc.php/v3iqES4/yu/l/en_US/-Bu40sFsRhI.js?_nc_x=Ij3Wp8lg5Kz, line 20: WEBGL_debug_renderer_info is deprecated in Firefox and will be removed. Please use RENDERER.
[GFX1-]: Couldn't sanitize RENDERER device: D3D12
JavaScript warning: https://static.xx.fbcdn.net/rsrc.php/v3iqES4/yu/l/en_US/-Bu40sFsRhI.js?_nc_x=Ij3Wp8lg5Kz, line 20: WEBGL_debug_renderer_info is deprecated in Firefox and will be removed. Please use RENDERER.
[GFX1-]: Couldn't sanitize RENDERER device: D3D12
JavaScript warning: https://static.xx.fbcdn.net/rsrc.php/v3iqES4/yu/l/en_US/-Bu40sFsRhI.js?_nc_x=Ij3Wp8lg5Kz, line 20: WEBGL_debug_renderer_info is deprecated in Firefox and will be removed. Please use RENDERER.
[GFX1-]: Couldn't sanitize RENDERER device: D3D12
JavaScript warning: https://static.xx.fbcdn.net/rsrc.php/v3iqES4/yu/l/en_US/-Bu40sFsRhI.js?_nc_x=Ij3Wp8lg5Kz, line 20: WEBGL_debug_renderer_info is deprecated in Firefox and will be removed. Please use RENDERER.
[GFX1-]: Couldn't sanitize RENDERER device: D3D12
JavaScript warning: https://static.xx.fbcdn.net/rsrc.php/v3iqES4/yu/l/en_US/-Bu40sFsRhI.js?_nc_x=Ij3Wp8lg5Kz, line 20: WEBGL_debug_renderer_info is deprecated in Firefox and will be removed. Please use RENDERER.
[GFX1-]: Couldn't sanitize RENDERER device: D3D12
JavaScript warning: https://static.xx.fbcdn.net/rsrc.php/v3iqES4/yu/l/en_US/-Bu40sFsRhI.js?_nc_x=Ij3Wp8lg5Kz, line 20: WEBGL_debug_renderer_info is deprecated in Firefox and will be removed. Please use RENDERER.
[GFX1-]: Couldn't sanitize RENDERER device: D3D12
JavaScript warning: https://static.xx.fbcdn.net/rsrc.php/v3iqES4/yu/l/en_US/-Bu40sFsRhI.js?_nc_x=Ij3Wp8lg5Kz, line 20: WEBGL_debug_renderer_info is deprecated in Firefox and will be removed. Please use RENDERER.
[GFX1-]: Couldn't sanitize RENDERER device: D3D12
console.warn: LoginRecipes: "Falling back to a synchronous message for: https://www.facebook.com."
console.warn: LoginRecipes: "Falling back to a synchronous message for: https://www.facebook.com."
console.warn: LoginRecipes: "Falling back to a synchronous message for: https://www.facebook.com."
libEGL warning: failed to open /dev/dri/renderD128: Permission denied

JavaScript warning: https://static.xx.fbcdn.net/rsrc.php/v3iqES4/yu/l/en_US/-Bu40sFsRhI.js?_nc_x=Ij3Wp8lg5Kz, line 20: WEBGL_debug_renderer_info is deprecated in Firefox and will be removed. Please use RENDERER.
[GFX1-]: Couldn't sanitize RENDERER device: D3D12
JavaScript warning: https://static.xx.fbcdn.net/rsrc.php/v3iqES4/yu/l/en_US/-Bu40sFsRhI.js?_nc_x=Ij3Wp8lg5Kz, line 20: WEBGL_debug_renderer_info is deprecated in Firefox and will be removed. Please use RENDERER.
[GFX1-]: Couldn't sanitize RENDERER device: D3D12
console.warn: LoginRecipes: "Falling back to a synchronous message for: https://www.facebook.com."
console.warn: LoginRecipes: "Falling back to a synchronous message for: https://www.facebook.com."
console.warn: LoginRecipes: "Falling back to a synchronous message for: https://www.facebook.com."
JavaScript warning: https://static.xx.fbcdn.net/rsrc.php/v3iqES4/yu/l/en_US/-Bu40sFsRhI.js?_nc_x=Ij3Wp8lg5Kz, line 20: WEBGL_debug_renderer_info is deprecated in Firefox and will be removed. Please use RENDERER.
[GFX1-]: Couldn't sanitize RENDERER device: D3D12
JavaScript warning: https://static.xx.fbcdn.net/rsrc.php/v3iqES4/yu/l/en_US/-Bu40sFsRhI.js?_nc_x=Ij3Wp8lg5Kz, line 20: WEBGL_debug_renderer_info is deprecated in Firefox and will be removed. Please use RENDERER.
[GFX1-]: Couldn't sanitize RENDERER device: D3D12
JavaScript warning: https://static.xx.fbcdn.net/rsrc.php/v3iqES4/yu/l/en_US/-Bu40sFsRhI.js?_nc_x=Ij3Wp8lg5Kz, line 20: WEBGL_debug_renderer_info is deprecated in Firefox and will be removed. Please use RENDERER.
[GFX1-]: Couldn't sanitize RENDERER device: D3D12
JavaScript warning: https://static.xx.fbcdn.net/rsrc.php/v3iqES4/yu/l/en_US/-Bu40sFsRhI.js?_nc_x=Ij3Wp8lg5Kz, line 20: WEBGL_debug_renderer_info is deprecated in Firefox and will be removed. Please use RENDERER.
[GFX1-]: Couldn't sanitize RENDERER device: D3D12
console.warn: LoginRecipes: "Falling back to a synchronous message for: https://www.facebook.com."
console.warn: LoginRecipes: "Falling back to a synchronous message for: https://www.facebook.com."
console.warn: LoginRecipes: "Falling back to a synchronous message for: https://www.facebook.com."
JavaScript warning: https://static.xx.fbcdn.net/rsrc.php/v3idAQ4/y-/l/en_US/dkc_MLbH5ULGyZvE6FTiyXaoShG8DmWHgQZEeFS_hBfAJKYNNSeWm30.js?_nc_x=Ij3Wp8lg5Kz, line 560: unreachable code after return statement
ALSA lib seq_hw.c:466:(snd_seq_hw_open) open /dev/snd/seq failed: No such file or directory
JavaScript warning: https://static.xx.fbcdn.net/rsrc.php/v3idAQ4/y-/l/en_US/dkc_MLbH5ULGyZvE6FTiyXaoShG8DmWHgQZEeFS_hBfAJKYNNSeWm30.js?_nc_x=Ij3Wp8lg5Kz, line 560: unreachable code after return statement
JavaScript warning: https://static.xx.fbcdn.net/rsrc.php/v3i-PI4/ye/l/en_US/Kg7YVVLfOlM.js?_nc_x=Ij3Wp8lg5Kz, line 42: WEBGL_debug_renderer_info is deprecated in Firefox and will be removed. Please use RENDERER.
[GFX1-]: Couldn't sanitize RENDERER device: D3D12
JavaScript warning: https://static.xx.fbcdn.net/rsrc.php/v3iPdc4/yK/l/en_US/dkc_MLbH5ULGyZvE6FTiyXaoShG8DmWHgQZEeFS_hBfAJKYNNSeWm30ekw4oZxBERDC1w9LkbV_xzMz4LFoBfCjDV9TtGkcT53m.js?_nc_x=Ij3Wp8lg5Kz, line 560: unreachable code after return statement
JavaScript warning: https://static.xx.fbcdn.net/rsrc.php/v3i-PI4/ye/l/en_US/Kg7YVVLfOlM.js?_nc_x=Ij3Wp8lg5Kz, line 42: WEBGL_debug_renderer_info is deprecated in Firefox and will be removed. Please use RENDERER.
[GFX1-]: Couldn't sanitize RENDERER device: D3D12
JavaScript warning: https://static.xx.fbcdn.net/rsrc.php/v3iRJp4/yL/l/en_US/dkc_MLbH5ULGyZvE6FTiyXaoShG8DmWHgQZEeFS_hBfAJKYNNSeWm30ekw4oZxBERDC1w9LkbV_xz.js?_nc_x=Ij3Wp8lg5Kz, line 560: unreachable code after return statement
JavaScript warning: https://static.xx.fbcdn.net/rsrc.php/v3i-PI4/ye/l/en_US/Kg7YVVLfOlM.js?_nc_x=Ij3Wp8lg5Kz, line 42: WEBGL_debug_renderer_info is deprecated in Firefox and will be removed. Please use RENDERER.
[GFX1-]: Couldn't sanitize RENDERER device: D3D12
JavaScript warning: https://static.xx.fbcdn.net/rsrc.php/v3imAe4/yu/l/en_US/dkc_MLbH5ULGyZvE6FTiyXaoShG8DmWHgQZEeFS_hBfAJKYNNSeWm30ekw4oZxBERDC1w9LkbV_xzMz4LFoBfCjDV9TtGkcT53mhNovcSKJnHWXm56xSm4S1jPA3wPJt2lPHr-uSUSN_fco.js?_nc_x=Ij3Wp8lg5Kz, line 560: unreachable code after return statement
JavaScript warning: https://static.xx.fbcdn.net/rsrc.php/v3i-PI4/ye/l/en_US/Kg7YVVLfOlM.js?_nc_x=Ij3Wp8lg5Kz, line 42: WEBGL_debug_renderer_info is deprecated in Firefox and will be removed. Please use RENDERER.
[GFX1-]: Couldn't sanitize RENDERER device: D3D12
JavaScript warning: https://static.xx.fbcdn.net/rsrc.php/v3imAe4/yu/l/en_US/dkc_MLbH5ULGyZvE6FTiyXaoShG8DmWHgQZEeFS_hBfAJKYNNSeWm30ekw4oZxBERDC1w9LkbV_xzMz4LFoBfCjDV9TtGkcT53mhNovcSKJnHWXm56xSm4S1jPA3wPJt2lPHr-uSUSN_fco.js?_nc_x=Ij3Wp8lg5Kz, line 560: unreachable code after return statement
JavaScript warning: https://static.xx.fbcdn.net/rsrc.php/v3i-PI4/ye/l/en_US/Kg7YVVLfOlM.js?_nc_x=Ij3Wp8lg5Kz, line 42: WEBGL_debug_renderer_info is deprecated in Firefox and will be removed. Please use RENDERER.
[GFX1-]: Couldn't sanitize RENDERER device: D3D12
JavaScript warning: https://static.xx.fbcdn.net/rsrc.php/v3imAe4/yu/l/en_US/dkc_MLbH5ULGyZvE6FTiyXaoShG8DmWHgQZEeFS_hBfAJKYNNSeWm30ekw4oZxBERDC1w9LkbV_xzMz4LFoBfCjDV9TtGkcT53mhNovcSKJnHWXm56xSm4S1jPA3wPJt2lPHr-uSUSN_fco.js?_nc_x=Ij3Wp8lg5Kz, line 560: unreachable code after return statement
JavaScript warning: https://static.xx.fbcdn.net/rsrc.php/v3i-PI4/ye/l/en_US/Kg7YVVLfOlM.js?_nc_x=Ij3Wp8lg5Kz, line 42: WEBGL_debug_renderer_info is deprecated in Firefox and will be removed. Please use RENDERER.
[GFX1-]: Couldn't sanitize RENDERER device: D3D12
JavaScript warning: https://static.xx.fbcdn.net/rsrc.php/v3imAe4/yu/l/en_US/dkc_MLbH5ULGyZvE6FTiyXaoShG8DmWHgQZEeFS_hBfAJKYNNSeWm30ekw4oZxBERDC1w9LkbV_xzMz4LFoBfCjDV9TtGkcT53mhNovcSKJnHWXm56xSm4S1jPA3wPJt2lPHr-uSUSN_fco.js?_nc_x=Ij3Wp8lg5Kz, line 560: unreachable code after return statement
JavaScript warning: https://static.xx.fbcdn.net/rsrc.php/v3i-PI4/ye/l/en_US/Kg7YVVLfOlM.js?_nc_x=Ij3Wp8lg5Kz, line 42: WEBGL_debug_renderer_info is deprecated in Firefox and will be removed. Please use RENDERER.
[GFX1-]: Couldn't sanitize RENDERER device: D3D12
libEGL warning: failed to open /dev/dri/renderD128: Permission denied

JavaScript warning: https://static.xx.fbcdn.net/rsrc.php/v3iqES4/yu/l/en_US/-Bu40sFsRhI.js?_nc_x=Ij3Wp8lg5Kz, line 20: WEBGL_debug_renderer_info is deprecated in Firefox and will be removed. Please use RENDERER.
[GFX1-]: Couldn't sanitize RENDERER device: D3D12
JavaScript warning: https://static.xx.fbcdn.net/rsrc.php/v3iqES4/yu/l/en_US/-Bu40sFsRhI.js?_nc_x=Ij3Wp8lg5Kz, line 20: WEBGL_debug_renderer_info is deprecated in Firefox and will be removed. Please use RENDERER.
[GFX1-]: Couldn't sanitize RENDERER device: D3D12
console.warn: LoginRecipes: "Falling back to a synchronous message for: https://www.facebook.com."
console.warn: LoginRecipes: "Falling back to a synchronous message for: https://www.facebook.com."
console.warn: LoginRecipes: "Falling back to a synchronous message for: https://www.facebook.com."
JavaScript warning: https://static.xx.fbcdn.net/rsrc.php/v3idAQ4/y-/l/en_US/dkc_MLbH5ULGyZvE6FTiyXaoShG8DmWHgQZEeFS_hBfAJKYNNSeWm30.js?_nc_x=Ij3Wp8lg5Kz, line 560: unreachable code after return statement
JavaScript warning: https://static.xx.fbcdn.net/rsrc.php/v3i-PI4/ye/l/en_US/Kg7YVVLfOlM.js?_nc_x=Ij3Wp8lg5Kz, line 42: WEBGL_debug_renderer_info is deprecated in Firefox and will be removed. Please use RENDERER.
[GFX1-]: Couldn't sanitize RENDERER device: D3D12
JavaScript error: resource://gre/actors/ContentMetaChild.jsm, line 183: InvalidStateError: JSWindowActorChild.sendAsyncMessage: JSWindowActorChild cannot send at the moment
1682191649917	Marionette	INFO	Stopped listening on port 41375
